0 info it worked if it ends with ok
1 verbose cli [ '/Users/cookie/.nvm/versions/node/v7.7.1/bin/node',
1 verbose cli   '/Users/cookie/.nvm/versions/node/v7.7.1/bin/npm',
1 verbose cli   'run',
1 verbose cli   'test' ]
2 info using npm@4.1.2
3 info using node@v7.7.1
4 verbose run-script [ 'pretest', 'test', 'posttest' ]
5 info lifecycle Barbel@0.0.1~pretest: Barbel@0.0.1
6 silly lifecycle Barbel@0.0.1~pretest: no script for pretest, continuing
7 info lifecycle Barbel@0.0.1~test: Barbel@0.0.1
8 verbose lifecycle Barbel@0.0.1~test: unsafe-perm in lifecycle true
9 verbose lifecycle Barbel@0.0.1~test: PATH: /Users/cookie/.nvm/versions/node/v7.7.1/lib/node_modules/npm/bin/node-gyp-bin:/Users/cookie/barbel/node_modules/.bin:/Users/cookie/.nvm/versions/node/v7.7.1/bin:/Users/cookie/.rvm/gems/ruby-2.1.2/bin:/Users/cookie/.rvm/gems/ruby-2.1.2@global/bin:/Users/cookie/.rvm/rubies/ruby-2.1.2/bin:/usr/local/bin:/usr/bin:/bin:/usr/sbin:/sbin:/Users/cookie/.rvm/bin
10 verbose lifecycle Barbel@0.0.1~test: CWD: /Users/cookie/barbel
11 silly lifecycle Barbel@0.0.1~test: Args: [ '-c', 'karma start ./test/karma.conf.js' ]
12 silly lifecycle Barbel@0.0.1~test: Returned: code: 1  signal: null
13 info lifecycle Barbel@0.0.1~test: Failed to exec test script
14 verbose stack Error: Barbel@0.0.1 test: `karma start ./test/karma.conf.js`
14 verbose stack Exit status 1
14 verbose stack     at EventEmitter.<anonymous> (/Users/cookie/.nvm/versions/node/v7.7.1/lib/node_modules/npm/lib/utils/lifecycle.js:279:16)
14 verbose stack     at emitTwo (events.js:106:13)
14 verbose stack     at EventEmitter.emit (events.js:194:7)
14 verbose stack     at ChildProcess.<anonymous> (/Users/cookie/.nvm/versions/node/v7.7.1/lib/node_modules/npm/lib/utils/spawn.js:40:14)
14 verbose stack     at emitTwo (events.js:106:13)
14 verbose stack     at ChildProcess.emit (events.js:194:7)
14 verbose stack     at maybeClose (internal/child_process.js:899:16)
14 verbose stack     at Process.ChildProcess._handle.onexit (internal/child_process.js:226:5)
15 verbose pkgid Barbel@0.0.1
16 verbose cwd /Users/cookie/barbel
17 error Darwin 16.1.0
18 error argv "/Users/cookie/.nvm/versions/node/v7.7.1/bin/node" "/Users/cookie/.nvm/versions/node/v7.7.1/bin/npm" "run" "test"
19 error node v7.7.1
20 error npm  v4.1.2
21 error code ELIFECYCLE
22 error Barbel@0.0.1 test: `karma start ./test/karma.conf.js`
22 error Exit status 1
23 error Failed at the Barbel@0.0.1 test script 'karma start ./test/karma.conf.js'.
23 error Make sure you have the latest version of node.js and npm installed.
23 error If you do, this is most likely a problem with the Barbel package,
23 error not with npm itself.
23 error Tell the author that this fails on your system:
23 error     karma start ./test/karma.conf.js
23 error You can get information on how to open an issue for this project with:
23 error     npm bugs Barbel
23 error Or if that isn't available, you can get their info via:
23 error     npm owner ls Barbel
23 error There is likely additional logging output above.
24 verbose exit [ 1, true ]
